Determining if the pthread_create exist failed with the following output:
Change Dir: /home/cc/ee106a/fa16/class/ee106a-acu/ee206akitchen/build/CMakeFiles/CMakeTmp

Run Build Command:/usr/bin/make "cmTryCompileExec418101702/fast"
/usr/bin/make -f CMakeFiles/cmTryCompileExec418101702.dir/build.make CMakeFiles/cmTryCompileExec418101702.dir/build
make[1]: Entering directory `/home/cc/ee106a/fa16/class/ee106a-acu/ee206akitchen/build/CMakeFiles/CMakeTmp'
/usr/bin/cmake -E cmake_progress_report /home/cc/ee106a/fa16/class/ee106a-acu/ee206akitchen/build/CMakeFiles/CMakeTmp/CMakeFiles 1
Building C object CMakeFiles/cmTryCompileExec418101702.dir/CheckSymbolExists.c.o
/usr/bin/cc    -o CMakeFiles/cmTryCompileExec418101702.dir/CheckSymbolExists.c.o   -c /home/cc/ee106a/fa16/class/ee106a-acu/ee206akitchen/build/CMakeFiles/CMakeTmp/CheckSymbolExists.c
Linking C executable cmTryCompileExec418101702
/usr/bin/cmake -E cmake_link_script CMakeFiles/cmTryCompileExec418101702.dir/link.txt --verbose=1
/usr/bin/cc       CMakeFiles/cmTryCompileExec418101702.dir/CheckSymbolExists.c.o  -o cmTryCompileExec418101702 -rdynamic 
CMakeFiles/cmTryCompileExec418101702.dir/CheckSymbolExists.c.o: In function `main':
CheckSymbolExists.c:(.text+0x16): undefined reference to `pthread_create'
collect2: error: ld returned 1 exit status
make[1]: *** [cmTryCompileExec418101702] Error 1
make[1]: Leaving directory `/home/cc/ee106a/fa16/class/ee106a-acu/ee206akitchen/build/CMakeFiles/CMakeTmp'
make: *** [cmTryCompileExec418101702/fast] Error 2

File /home/cc/ee106a/fa16/class/ee106a-acu/ee206akitchen/build/CMakeFiles/CMakeTmp/CheckSymbolExists.c:
/* */
#include <pthread.h>

int main(int argc, char** argv)
{
  (void)argv;
#ifndef pthread_create
  return ((int*)(&pthread_create))[argc];
#else
  (void)argc;
  return 0;
#endif
}

Determining if the function pthread_create exists in the pthreads failed with the following output:
Change Dir: /home/cc/ee106a/fa16/class/ee106a-acu/ee206akitchen/build/CMakeFiles/CMakeTmp

Run Build Command:/usr/bin/make "cmTryCompileExec3917693664/fast"
/usr/bin/make -f CMakeFiles/cmTryCompileExec3917693664.dir/build.make CMakeFiles/cmTryCompileExec3917693664.dir/build
make[1]: Entering directory `/home/cc/ee106a/fa16/class/ee106a-acu/ee206akitchen/build/CMakeFiles/CMakeTmp'
/usr/bin/cmake -E cmake_progress_report /home/cc/ee106a/fa16/class/ee106a-acu/ee206akitchen/build/CMakeFiles/CMakeTmp/CMakeFiles 1
Building C object CMakeFiles/cmTryCompileExec3917693664.dir/CheckFunctionExists.c.o
/usr/bin/cc   -DCHECK_FUNCTION_EXISTS=pthread_create   -o CMakeFiles/cmTryCompileExec3917693664.dir/CheckFunctionExists.c.o   -c /usr/share/cmake-2.8/Modules/CheckFunctionExists.c
Linking C executable cmTryCompileExec3917693664
/usr/bin/cmake -E cmake_link_script CMakeFiles/cmTryCompileExec3917693664.dir/link.txt --verbose=1
/usr/bin/cc   -DCHECK_FUNCTION_EXISTS=pthread_create    CMakeFiles/cmTryCompileExec3917693664.dir/CheckFunctionExists.c.o  -o cmTryCompileExec3917693664 -rdynamic -lpthreads 
/usr/bin/ld: cannot find -lpthreads
collect2: error: ld returned 1 exit status
make[1]: *** [cmTryCompileExec3917693664] Error 1
make[1]: Leaving directory `/home/cc/ee106a/fa16/class/ee106a-acu/ee206akitchen/build/CMakeFiles/CMakeTmp'
make: *** [cmTryCompileExec3917693664/fast] Error 2


